<?xml version="1.0" encoding="UTF-8"?>
<testsuite xmlns:xsi="http://www.w3.org/2001/XMLSchema-instance" xsi:noNamespaceSchemaLocation="https://maven.apache.org/surefire/maven-surefire-plugin/xsd/surefire-test-report-3.0.xsd" version="3.0" name="br.com.diversidade.DiversidadeApplicationTests" time="17.707" tests="1" errors="0" skipped="0" failures="0">
  <properties>
[...]
</properties>
  <testcase name="contextLoads" classname="br.com.diversidade.DiversidadeApplicationTests" time="1.383">
    <system-out><![CDATA[17:49:22.993 [main] INFO org.springframework.test.context.support.AnnotationConfigContextLoaderUtils -- Could not detect default configuration classes for test class [br.com.diversidade.DiversidadeApplicationTests]: DiversidadeApplicationTests does not declare any static, non-private, non-final, nested classes annotated with @Configuration.
17:49:23.423 [main] INFO org.springframework.boot.test.context.SpringBootTestContextBootstrapper -- Found @SpringBootConfiguration br.com.diversidade.DiversidadeApplication for test class br.com.diversidade.DiversidadeApplicationTests
17:49:24.005 [main] INFO org.springframework.boot.devtools.restart.RestartApplicationListener -- Restart disabled due to context in which it is running

  .   ____          _            __ _ _
 /\\ / ___'_ __ _ _(_)_ __  __ _ \ \ \ \
( ( )\___ | '_ | '_| | '_ \/ _` | \ \ \ \
 \\/  ___)| |_)| | | | | || (_| |  ) ) ) )
  '  |____| .__|_| |_|_| |_\__, | / / / /
 =========|_|==============|___/=/_/_/_/
 :: Spring Boot ::                (v3.2.6)

2025-10-14T17:49:24.704-03:00  INFO 32212 --- [diversidade-test] [           main] b.c.d.DiversidadeApplicationTests        : Starting DiversidadeApplicationTests using Java 21.0.2 with PID 32212 (started by anali in C:\Users\anali\diversidadeProject\diversidade\diversidade)
2025-10-14T17:49:24.704-03:00 DEBUG 32212 --- [diversidade-test] [           main] b.c.d.DiversidadeApplicationTests        : Running with Spring Boot v3.2.6, Spring v6.1.8
2025-10-14T17:49:24.704-03:00  INFO 32212 --- [diversidade-test] [           main] b.c.d.DiversidadeApplicationTests        : The following 1 profile is active: "test"
2025-10-14T17:49:31.771-03:00  WARN 32212 --- [diversidade-test] [           main] org.hibernate.orm.deprecation            : HHH90000025: H2Dialect does not need to be specified explicitly using 'hibernate.dialect' (remove the property setting and it will be selected by default)
2025-10-14T17:49:33.792-03:00 DEBUG 32212 --- [diversidade-test] [           main] org.hibernate.SQL                        : 
    drop table if exists colaborador_treinamento cascade 
Hibernate: 
    drop table if exists colaborador_treinamento cascade 
2025-10-14T17:49:33.793-03:00 DEBUG 32212 --- [diversidade-test] [           main] org.hibernate.SQL                        : 
    drop table if exists colaboradores cascade 
Hibernate: 
    drop table if exists colaboradores cascade 
2025-10-14T17:49:33.793-03:00 DEBUG 32212 --- [diversidade-test] [           main] org.hibernate.SQL                        : 
    drop table if exists metrics cascade 
Hibernate: 
    drop table if exists metrics cascade 
2025-10-14T17:49:33.793-03:00 DEBUG 32212 --- [diversidade-test] [           main] org.hibernate.SQL                        : 
    drop table if exists participacao_treinamento cascade 
Hibernate: 
    drop table if exists participacao_treinamento cascade 
2025-10-14T17:49:33.793-03:00 DEBUG 32212 --- [diversidade-test] [           main] org.hibernate.SQL                        : 
    drop table if exists training cascade 
Hibernate: 
    drop table if exists training cascade 
2025-10-14T17:49:33.793-03:00 DEBUG 32212 --- [diversidade-test] [           main] org.hibernate.SQL                        : 
    drop table if exists treinamento cascade 
Hibernate: 
    drop table if exists treinamento cascade 
2025-10-14T17:49:33.793-03:00 DEBUG 32212 --- [diversidade-test] [           main] org.hibernate.SQL                        : 
    drop table if exists usuario_roles cascade 
Hibernate: 
    drop table if exists usuario_roles cascade 
2025-10-14T17:49:33.793-03:00 DEBUG 32212 --- [diversidade-test] [           main] org.hibernate.SQL                        : 
    drop table if exists usuarios cascade 
Hibernate: 
    drop table if exists usuarios cascade 
2025-10-14T17:49:33.807-03:00 DEBUG 32212 --- [diversidade-test] [           main] org.hibernate.SQL                        : 
    create table colaborador_treinamento (
        colaborador_id bigint not null,
        treinamento_id bigint not null
    )
Hibernate: 
    create table colaborador_treinamento (
        colaborador_id bigint not null,
        treinamento_id bigint not null
    )
2025-10-14T17:49:33.811-03:00 DEBUG 32212 --- [diversidade-test] [           main] org.hibernate.SQL                        : 
    create table colaboradores (
        data_contratacao date,
        pcd boolean,
        treinamento_diversidade boolean,
        data_atualizacao timestamp(6),
        data_criacao timestamp(6),
        id bigint generated by default as identity,
        genero varchar(50),
        raca varchar(50),
        cargo varchar(100),
        departamento varchar(100),
        nome varchar(100) not null,
        primary key (id)
    )
Hibernate: 
    create table colaboradores (
        data_contratacao date,
        pcd boolean,
        treinamento_diversidade boolean,
        data_atualizacao timestamp(6),
        data_criacao timestamp(6),
        id bigint generated by default as identity,
        genero varchar(50),
        raca varchar(50),
        cargo varchar(100),
        departamento varchar(100),
        nome varchar(100) not null,
        primary key (id)
    )
2025-10-14T17:49:33.824-03:00 DEBUG 32212 --- [diversidade-test] [           main] org.hibernate.SQL                        : 
    create table metrics (
        completion_rate float(53),
        feedback_count integer,
        participant_count integer,
        satisfaction_score float(53),
        created_at timestamp(6),
        id bigint generated by default as identity,
        training_id bigint not null,
        updated_at timestamp(6),
        primary key (id)
    )
Hibernate: 
    create table metrics (
        completion_rate float(53),
        feedback_count integer,
        participant_count integer,
        satisfaction_score float(53),
        created_at timestamp(6),
        id bigint generated by default as identity,
        training_id bigint not null,
        updated_at timestamp(6),
        primary key (id)
    )
2025-10-14T17:49:33.826-03:00 DEBUG 32212 --- [diversidade-test] [           main] org.hibernate.SQL                        : 
    create table participacao_treinamento (
        concluido boolean not null,
        colaborador_id bigint,
        id bigint generated by default as identity,
        treinamento_id bigint,
        primary key (id)
    )
Hibernate: 
    create table participacao_treinamento (
        concluido boolean not null,
        colaborador_id bigint,
        id bigint generated by default as identity,
        treinamento_id bigint,
        primary key (id)
    )
2025-10-14T17:49:33.828-03:00 DEBUG 32212 --- [diversidade-test] [           main] org.hibernate.SQL                        : 
    create table training (
        created_at timestamp(6),
        end_date timestamp(6) not null,
        id bigint generated by default as identity,
        start_date timestamp(6) not null,
        updated_at timestamp(6),
        description varchar(1000),
        status varchar(255) not null check (status in ('PLANNED','IN_PROGRESS','COMPLETED','CANCELLED')),
        title varchar(255) not null,
        primary key (id)
    )
Hibernate: 
    create table training (
        created_at timestamp(6),
        end_date timestamp(6) not null,
        id bigint generated by default as identity,
        start_date timestamp(6) not null,
        updated_at timestamp(6),
        description varchar(1000),
        status varchar(255) not null check (status in ('PLANNED','IN_PROGRESS','COMPLETED','CANCELLED')),
        title varchar(255) not null,
        primary key (id)
    )
2025-10-14T17:49:33.836-03:00 DEBUG 32212 --- [diversidade-test] [           main] org.hibernate.SQL                        : 
    create table treinamento (
        data date,
        obrigatorio boolean not null,
        id bigint generated by default as identity,
        descricao varchar(255),
        titulo varchar(255),
        primary key (id)
    )
Hibernate: 
    create table treinamento (
        data date,
        obrigatorio boolean not null,
        id bigint generated by default as identity,
        descricao varchar(255),
        titulo varchar(255),
        primary key (id)
    )
2025-10-14T17:49:33.838-03:00 DEBUG 32212 --- [diversidade-test] [           main] org.hibernate.SQL                        : 
    create table usuario_roles (
        usuario_id bigint not null,
        roles varchar(255)
    )
Hibernate: 
    create table usuario_roles (
        usuario_id bigint not null,
        roles varchar(255)
    )
2025-10-14T17:49:33.838-03:00 DEBUG 32212 --- [diversidade-test] [           main] org.hibernate.SQL                        : 
    create table usuarios (
        id bigint generated by default as identity,
        senha varchar(255),
        username varchar(255),
        primary key (id)
    )
Hibernate: 
    create table usuarios (
        id bigint generated by default as identity,
        senha varchar(255),
        username varchar(255),
        primary key (id)
    )
2025-10-14T17:49:33.840-03:00 DEBUG 32212 --- [diversidade-test] [           main] org.hibernate.SQL                        : 
    alter table if exists colaborador_treinamento 
       add constraint FKh8qlhf5sjpi2b4p2d1tulidwh 
       foreign key (colaborador_id) 
       references colaboradores
Hibernate: 
    alter table if exists colaborador_treinamento 
       add constraint FKh8qlhf5sjpi2b4p2d1tulidwh 
       foreign key (colaborador_id) 
       references colaboradores
2025-10-14T17:49:33.853-03:00 DEBUG 32212 --- [diversidade-test] [           main] org.hibernate.SQL                        : 
    alter table if exists colaborador_treinamento 
       add constraint FK2ao15sr9s215m7hsl8o3039xr 
       foreign key (treinamento_id) 
       references treinamento
Hibernate: 
    alter table if exists colaborador_treinamento 
       add constraint FK2ao15sr9s215m7hsl8o3039xr 
       foreign key (treinamento_id) 
       references treinamento
2025-10-14T17:49:33.857-03:00 DEBUG 32212 --- [diversidade-test] [           main] org.hibernate.SQL                        : 
    alter table if exists metrics 
       add constraint FKrxd777a2emasdh9y7yln5g5c4 
       foreign key (training_id) 
       references training
Hibernate: 
    alter table if exists metrics 
       add constraint FKrxd777a2emasdh9y7yln5g5c4 
       foreign key (training_id) 
       references training
2025-10-14T17:49:33.857-03:00 DEBUG 32212 --- [diversidade-test] [           main] org.hibernate.SQL                        : 
    alter table if exists participacao_treinamento 
       add constraint FKbp458p97k703s0flmi2ojrdrw 
       foreign key (colaborador_id) 
       references colaboradores
Hibernate: 
    alter table if exists participacao_treinamento 
       add constraint FKbp458p97k703s0flmi2ojrdrw 
       foreign key (colaborador_id) 
       references colaboradores
2025-10-14T17:49:33.859-03:00 DEBUG 32212 --- [diversidade-test] [           main] org.hibernate.SQL                        : 
    alter table if exists participacao_treinamento 
       add constraint FK22snmgdglpip64vv9orlv024p 
       foreign key (treinamento_id) 
       references treinamento
Hibernate: 
    alter table if exists participacao_treinamento 
       add constraint FK22snmgdglpip64vv9orlv024p 
       foreign key (treinamento_id) 
       references treinamento
2025-10-14T17:49:33.859-03:00 DEBUG 32212 --- [diversidade-test] [           main] org.hibernate.SQL                        : 
    alter table if exists usuario_roles 
       add constraint FKuu9tea04xb29m2km5lwe46ua 
       foreign key (usuario_id) 
       references usuarios
Hibernate: 
    alter table if exists usuario_roles 
       add constraint FKuu9tea04xb29m2km5lwe46ua 
       foreign key (usuario_id) 
       references usuarios
2025-10-14T17:49:36.537-03:00  WARN 32212 --- [diversidade-test] [           main] JpaBaseConfiguration$JpaWebConfiguration : spring.jpa.open-in-view is enabled by default. Therefore, database queries may be performed during view rendering. Explicitly configure spring.jpa.open-in-view to disable this warning
2025-10-14T17:49:38.550-03:00  INFO 32212 --- [diversidade-test] [           main] b.c.d.DiversidadeApplicationTests        : Started DiversidadeApplicationTests in 14.595 seconds (process running for 17.799)
]]></system-out>
    <system-err><![CDATA[WARNING: A Java agent has been loaded dynamically (C:\Users\anali\.m2\repository\net\bytebuddy\byte-buddy-agent\1.14.16\byte-buddy-agent-1.14.16.jar)
WARNING: If a serviceability tool is in use, please run with -XX:+EnableDynamicAgentLoading to hide this warning
WARNING: If a serviceability tool is not in use, please run with -Djdk.instrument.traceUsage for more information
WARNING: Dynamic loading of agents will be disallowed by default in a future release
]]></system-err>
  </testcase>
</testsuite>